\BOOKMARK [1][-]{section.1}{\376\377\176\277\140\047\122\044\122\053\121\375\145\160}{}% 1
\BOOKMARK [2][-]{subsection.1.1}{\376\377\166\370\121\163\123\302\145\160\133\232\116\111}{section.1}% 2
\BOOKMARK [2][-]{subsection.1.2}{\376\377\116\044\174\173\140\305\121\265}{section.1}% 3
\BOOKMARK [2][-]{subsection.1.3}{\376\377\131\032\174\173\140\305\121\265}{section.1}% 4
\BOOKMARK [1][-]{section.2}{\376\377\136\177\116\111\176\277\140\047\122\044\122\053\121\375\145\160}{}% 5
\BOOKMARK [2][-]{subsection.2.1}{\376\377\127\372\147\054\140\035\140\363\040\024\040\024\227\136\176\277\140\047\146\040\134\004}{section.2}% 6
\BOOKMARK [2][-]{subsection.2.2}{\376\377\121\163\116\216\146\040\134\004\121\375\145\160\166\204\213\250\213\272}{section.2}% 7
\BOOKMARK [2][-]{subsection.2.3}{\376\377\176\323\213\272}{section.2}% 8
\BOOKMARK [1][-]{section.3}{\376\377\122\006\153\265\176\277\140\047\122\044\122\053\121\375\145\160}{}% 9
\BOOKMARK [2][-]{subsection.3.1}{\376\377\121\372\123\321\160\271}{section.3}% 10
\BOOKMARK [2][-]{subsection.3.2}{\376\377\116\073\211\201\140\035\140\363\377\032\220\074\217\321}{section.3}% 11
\BOOKMARK [2][-]{subsection.3.3}{\376\377\213\276\213\241\116\000\116\052\122\006\153\265\176\277\140\047\122\044\122\053\121\375\145\160}{section.3}% 12
\BOOKMARK [1][-]{section.4}{\376\377\226\115\176\364\040\024\040\024\000F\000i\000s\000h\000e\000r\122\006\147\220\154\325}{}% 13
\BOOKMARK [2][-]{subsection.4.1}{\376\377\226\115\176\364}{section.4}% 14
\BOOKMARK [2][-]{subsection.4.2}{\376\377\225\356\230\230\143\317\217\360}{section.4}% 15
\BOOKMARK [2][-]{subsection.4.3}{\376\377\116\316\172\172\225\364\122\060\000\040\172\172\225\364\166\204\116\000\202\054\145\160\133\146\123\330\143\142\145\271\154\325\000\040}{section.4}% 16
\BOOKMARK [2][-]{subsection.4.4}{\376\377\000F\000i\000s\000h\000e\000r\121\306\122\031\121\375\145\160\166\204\133\232\116\111}{section.4}% 17
\BOOKMARK [2][-]{subsection.4.5}{\376\377\127\372\116\216\147\000\117\163\123\330\143\142\124\021\221\317\166\204\142\225\137\161}{section.4}% 18
\BOOKMARK [1][-]{section.5}{\376\377\170\156\133\232\122\044\122\053\121\375\145\160\123\302\145\160\040\024\040\024\141\037\167\345\126\150\173\227\154\325}{}% 19
\BOOKMARK [2][-]{subsection.5.1}{\376\377\173\227\154\325\140\035\140\363}{section.5}% 20
\BOOKMARK [2][-]{subsection.5.2}{\376\377\141\037\167\345\126\150\166\204\116\214\122\006\174\173\213\255\176\303\173\227\154\325}{section.5}% 21
\BOOKMARK [1][-]{section.6}{\376\377\141\037\167\345\126\150\173\227\154\325\166\204\131\032\152\041\137\017\122\006\174\173}{}% 22
\BOOKMARK [2][-]{subsection.6.1}{\376\377\217\355\116\343\217\307\172\013}{section.6}% 23
\BOOKMARK [2][-]{subsection.6.2}{\376\377\117\177\165\050\217\355\116\343\213\241\173\227\123\302\145\160\166\204\170\156\133\232\140\047\122\006\174\173\126\150\166\204\116\000\116\233\213\250\213\272}{section.6}% 24
\BOOKMARK [1][-]{section.7}{\376\377\143\250\136\177\377\032\123\357\213\255\176\303\166\204\170\156\133\232\140\047\122\006\174\173\126\150\166\204\217\355\116\343\217\307\172\013}{}% 25
\BOOKMARK [2][-]{subsection.7.1}{\376\377\150\257\136\246\154\325}{section.7}% 26
\BOOKMARK [2][-]{subsection.7.2}{\376\377\150\257\136\246\154\325\147\000\173\200\123\125\166\204\213\255\176\303\145\271\137\017\377\032\126\372\133\232\130\236\221\317\166\204\220\020\153\041\214\003\145\164\173\227\154\325}{section.7}% 27
\BOOKMARK [2][-]{subsection.7.3}{\376\377\147\000\134\017\136\163\145\271\213\357\135\356\000\050\000L\000M\000S\000E\000\051\173\227\154\325}{section.7}% 28
\BOOKMARK [3][-]{subsubsection.7.3.1}{\376\377\141\037\167\345\126\150\166\204\177\072\160\271\116\345\123\312\000L\000M\000S\000E\166\204\162\171\160\271}{subsection.7.3}% 29
\BOOKMARK [3][-]{subsubsection.7.3.2}{\376\377\173\046\123\367\124\214\145\160\133\146\151\202\137\365}{subsection.7.3}% 30
\BOOKMARK [3][-]{subsubsection.7.3.3}{\376\377\000L\000M\000S\000E\000-\000\050\000H\000-\000K\000\051\173\227\154\325}{subsection.7.3}% 31
\BOOKMARK [3][-]{subsubsection.7.3.4}{\376\377\131\202\117\125\150\071\143\156\000L\000M\000S\000E\167\013\121\372\146\057\124\046\150\067\147\054\226\306\146\057\124\046\176\277\140\047\123\357\122\006}{subsection.7.3}% 32
\BOOKMARK [2][-]{subsection.7.4}{\376\377\121\163\116\216\116\012\217\360\116\044\171\315\145\271\154\325\166\204\213\250\213\272}{section.7}% 33
\BOOKMARK [2][-]{subsection.7.5}{\376\377\142\151\134\125\377\032\000L\000M\000S\173\227\154\325\116\313\176\315\116\345\123\312\121\166\124\214\000L\000M\000S\000E\173\227\154\325\060\001\000F\000i\000s\000h\000e\000r\173\227\154\325\116\345\123\312\000b\000a\000y\000e\000s\173\227\154\325\166\204\121\163\174\373\000P\000D\000F\000s\000t\000r\000i\000n\000g}{section.7}% 34
\BOOKMARK [1][-]{section.8}{\376\377\122\277\121\375\145\160\154\325\000\040\040\024\000\040\116\000\171\315\170\156\133\232\140\047\166\204\227\136\176\277\140\047\122\006\174\173\145\271\154\325}{}% 35
\BOOKMARK [1][-]{section.9}{\376\377\121\263\173\126\150\021\173\200\116\313}{}% 36
